10-Oct-2019 19:35:59.760 INFO [main] org.apache.catalina.startup.VersionLoggerListener.log Server version name:   Apache Tomcat/9.0.14
10-Oct-2019 19:35:59.845 INFO [main] org.apache.catalina.startup.VersionLoggerListener.log Server built:          Dec 6 2018 21:13:53 UTC
10-Oct-2019 19:35:59.845 INFO [main] org.apache.catalina.startup.VersionLoggerListener.log Server version number: 9.0.14.0
10-Oct-2019 19:35:59.846 INFO [main] org.apache.catalina.startup.VersionLoggerListener.log OS Name:               Windows 10
10-Oct-2019 19:35:59.846 INFO [main] org.apache.catalina.startup.VersionLoggerListener.log OS Version:            10.0
10-Oct-2019 19:35:59.846 INFO [main] org.apache.catalina.startup.VersionLoggerListener.log Architecture:          amd64
10-Oct-2019 19:35:59.846 INFO [main] org.apache.catalina.startup.VersionLoggerListener.log Java Home:             C:\Program Files\Java\jdk1.8.0_131\jre
10-Oct-2019 19:35:59.848 INFO [main] org.apache.catalina.startup.VersionLoggerListener.log JVM Version:           1.8.0_131-b11
10-Oct-2019 19:35:59.848 INFO [main] org.apache.catalina.startup.VersionLoggerListener.log JVM Vendor:            Oracle Corporation
10-Oct-2019 19:35:59.848 INFO [main] org.apache.catalina.startup.VersionLoggerListener.log CATALINA_BASE:         C:\sw\workspace\masoud\mm_dok\mm_dok\resource\apache-tomcat-9.0.14
10-Oct-2019 19:35:59.848 INFO [main] org.apache.catalina.startup.VersionLoggerListener.log CATALINA_HOME:         C:\sw\workspace\masoud\mm_dok\mm_dok\resource\apache-tomcat-9.0.14
10-Oct-2019 19:35:59.849 INFO [main] org.apache.catalina.startup.VersionLoggerListener.log Command line argument: -Djava.util.logging.config.file=C:\sw\workspace\masoud\mm_dok\mm_dok\resource\apache-tomcat-9.0.14\conf\logging.properties
10-Oct-2019 19:35:59.849 INFO [main] org.apache.catalina.startup.VersionLoggerListener.log Command line argument: -Djava.util.logging.manager=org.apache.juli.ClassLoaderLogManager
10-Oct-2019 19:35:59.849 INFO [main] org.apache.catalina.startup.VersionLoggerListener.log Command line argument: -Djdk.tls.ephemeralDHKeySize=2048
10-Oct-2019 19:35:59.849 INFO [main] org.apache.catalina.startup.VersionLoggerListener.log Command line argument: -Djava.protocol.handler.pkgs=org.apache.catalina.webresources
10-Oct-2019 19:35:59.849 INFO [main] org.apache.catalina.startup.VersionLoggerListener.log Command line argument: -Dignore.endorsed.dirs=
10-Oct-2019 19:35:59.849 INFO [main] org.apache.catalina.startup.VersionLoggerListener.log Command line argument: -Dcatalina.base=C:\sw\workspace\masoud\mm_dok\mm_dok\resource\apache-tomcat-9.0.14
10-Oct-2019 19:35:59.850 INFO [main] org.apache.catalina.startup.VersionLoggerListener.log Command line argument: -Dcatalina.home=C:\sw\workspace\masoud\mm_dok\mm_dok\resource\apache-tomcat-9.0.14
10-Oct-2019 19:35:59.850 INFO [main] org.apache.catalina.startup.VersionLoggerListener.log Command line argument: -Djava.io.tmpdir=C:\sw\workspace\masoud\mm_dok\mm_dok\resource\apache-tomcat-9.0.14\temp
10-Oct-2019 19:35:59.850 INFO [main] org.apache.catalina.core.AprLifecycleListener.lifecycleEvent Loaded APR based Apache Tomcat Native library [1.2.19] using APR version [1.6.5].
10-Oct-2019 19:35:59.850 INFO [main] org.apache.catalina.core.AprLifecycleListener.lifecycleEvent APR capabilities: IPv6 [true], sendfile [true], accept filters [false], random [true].
10-Oct-2019 19:35:59.850 INFO [main] org.apache.catalina.core.AprLifecycleListener.lifecycleEvent APR/OpenSSL configuration: useAprConnector [false], useOpenSSL [true]
10-Oct-2019 19:35:59.876 INFO [main] org.apache.catalina.core.AprLifecycleListener.initializeSSL OpenSSL successfully initialized [OpenSSL 1.1.1a  20 Nov 2018]
10-Oct-2019 19:36:03.496 INFO [main] org.apache.coyote.AbstractProtocol.init Initializing ProtocolHandler ["http-nio-80"]
10-Oct-2019 19:36:04.004 INFO [main] org.apache.coyote.AbstractProtocol.init Initializing ProtocolHandler ["ajp-nio-12009"]
10-Oct-2019 19:36:04.010 INFO [main] org.apache.catalina.startup.Catalina.load Server initialization in [5,294] milliseconds
10-Oct-2019 19:36:04.103 INFO [main] org.apache.catalina.core.StandardService.startInternal Starting service [Catalina]
10-Oct-2019 19:36:04.104 INFO [main] org.apache.catalina.core.StandardEngine.startInternal Starting Servlet engine: [Apache Tomcat/9.0.14]
10-Oct-2019 19:36:04.139 INFO [main] org.apache.catalina.startup.HostConfig.deployWAR Deploying web application archive [C:\sw\workspace\masoud\mm_dok\mm_dok\resource\apache-tomcat-9.0.14\webapps\autorize-1.war]
10-Oct-2019 19:36:15.755 INFO [main] org.apache.jasper.servlet.TldScanner.scanJars At least one JAR was scanned for TLDs yet contained no TLDs. Enable debug logging for this logger for a complete list of JARs that were scanned but no TLDs were found in them. Skipping unneeded JARs during scanning can improve startup time and JSP compilation time.
10-Oct-2019 19:36:15.849 INFO [main] com.sun.jersey.api.core.PackagesResourceConfig.init Scanning for root resource and provider classes in the packages:
  com.dokapi.autorize
10-Oct-2019 19:36:15.913 INFO [main] com.sun.jersey.api.core.ScanningResourceConfig.logClasses Root resource classes found:
  class com.dokapi.autorize.AutorizationService
10-Oct-2019 19:36:15.914 INFO [main] com.sun.jersey.api.core.ScanningResourceConfig.init No provider classes found.
10-Oct-2019 19:36:16.147 INFO [main] com.sun.jersey.server.impl.application.WebApplicationImpl._initiate Initiating Jersey application, version 'Jersey: 1.8 06/24/2011 12:17 PM'
10-Oct-2019 19:36:17.923 INFO [main] org.apache.catalina.startup.HostConfig.deployWAR Deployment of web application archive [C:\sw\workspace\masoud\mm_dok\mm_dok\resource\apache-tomcat-9.0.14\webapps\autorize-1.war] has finished in [13,784] ms
10-Oct-2019 19:36:17.937 INFO [main] org.apache.catalina.startup.HostConfig.deployWAR Deploying web application archive [C:\sw\workspace\masoud\mm_dok\mm_dok\resource\apache-tomcat-9.0.14\webapps\dok-1.war]
10-Oct-2019 19:36:25.810 INFO [main] org.apache.jasper.servlet.TldScanner.scanJars At least one JAR was scanned for TLDs yet contained no TLDs. Enable debug logging for this logger for a complete list of JARs that were scanned but no TLDs were found in them. Skipping unneeded JARs during scanning can improve startup time and JSP compilation time.
10-Oct-2019 19:36:25.855 INFO [main] com.sun.jersey.api.core.servlet.WebAppResourceConfig.init Scanning for root resource and provider classes in the Web app resource paths:
  /WEB-INF/lib
  /WEB-INF/classes
10-Oct-2019 19:36:26.455 INFO [main] com.sun.jersey.api.core.ScanningResourceConfig.logClasses Root resource classes found:
  class com.minio.dokapi.PhotoService
10-Oct-2019 19:36:26.456 INFO [main] com.sun.jersey.api.core.ScanningResourceConfig.init No provider classes found.
10-Oct-2019 19:36:26.655 INFO [main] com.sun.jersey.server.impl.application.WebApplicationImpl._initiate Initiating Jersey application, version 'Jersey: 1.19 02/11/2015 05:39 AM'
10-Oct-2019 19:36:27.710 INFO [main] org.apache.catalina.startup.HostConfig.deployWAR Deployment of web application archive [C:\sw\workspace\masoud\mm_dok\mm_dok\resource\apache-tomcat-9.0.14\webapps\dok-1.war] has finished in [9,774] ms
10-Oct-2019 19:36:27.724 INFO [main] org.apache.catalina.startup.HostConfig.deployWAR Deploying web application archive [C:\sw\workspace\masoud\mm_dok\mm_dok\resource\apache-tomcat-9.0.14\webapps\storeFile-1.war]
10-Oct-2019 19:36:36.126 INFO [main] org.apache.jasper.servlet.TldScanner.scanJars At least one JAR was scanned for TLDs yet contained no TLDs. Enable debug logging for this logger for a complete list of JARs that were scanned but no TLDs were found in them. Skipping unneeded JARs during scanning can improve startup time and JSP compilation time.
10-Oct-2019 19:36:36.161 INFO [main] com.sun.jersey.api.core.PackagesResourceConfig.init Scanning for root resource and provider classes in the packages:
  com.dokapi.storefile
10-Oct-2019 19:36:36.211 INFO [main] com.sun.jersey.api.core.ScanningResourceConfig.logClasses Root resource classes found:
  class com.dokapi.storefile.FileUploadService
  class com.dokapi.storefile.UploadTwoFiles
10-Oct-2019 19:36:36.212 INFO [main] com.sun.jersey.api.core.ScanningResourceConfig.init No provider classes found.
10-Oct-2019 19:36:36.389 INFO [main] com.sun.jersey.server.impl.application.WebApplicationImpl._initiate Initiating Jersey application, version 'Jersey: 1.8 06/24/2011 12:17 PM'
10-Oct-2019 19:36:37.784 INFO [main] org.apache.catalina.startup.HostConfig.deployWAR Deployment of web application archive [C:\sw\workspace\masoud\mm_dok\mm_dok\resource\apache-tomcat-9.0.14\webapps\storeFile-1.war] has finished in [10,061] ms
10-Oct-2019 19:36:37.807 INFO [main] org.apache.catalina.startup.HostConfig.deployWAR Deploying web application archive [C:\sw\workspace\masoud\mm_dok\mm_dok\resource\apache-tomcat-9.0.14\webapps\utanlogin.war]
10-Oct-2019 19:37:00.098 INFO [main] org.apache.jasper.servlet.TldScanner.scanJars At least one JAR was scanned for TLDs yet contained no TLDs. Enable debug logging for this logger for a complete list of JARs that were scanned but no TLDs were found in them. Skipping unneeded JARs during scanning can improve startup time and JSP compilation time.
10-Oct-2019 19:37:00.459 INFO [main] org.apache.webbeans.lifecycle.AbstractLifeCycle.bootstrapApplication OpenWebBeans Container is starting...
10-Oct-2019 19:37:00.472 INFO [main] org.apache.webbeans.corespi.scanner.AbstractMetaDataDiscovery.addWebBeansXmlLocation added beans archive URL: file:/C:/sw/workspace/masoud/mm_dok/mm_dok/resource/apache-tomcat-9.0.14/webapps/utanlogin/WEB-INF/beans.xml
10-Oct-2019 19:37:00.504 INFO [main] org.apache.webbeans.web.scanner.WebScannerService.addWarBeansArchive Adding information from WEB-INF/beans.xml
10-Oct-2019 19:37:00.512 INFO [main] org.apache.webbeans.corespi.scanner.AbstractMetaDataDiscovery.addWebBeansXmlLocation added beans archive URL: file:/C:/sw/workspace/masoud/mm_dok/mm_dok/resource/apache-tomcat-9.0.14/lib/dbutil-1.jar
10-Oct-2019 19:37:00.513 INFO [main] org.apache.webbeans.corespi.scanner.AbstractMetaDataDiscovery.addWebBeansXmlLocation added beans archive URL: file:/C:/sw/workspace/masoud/mm_dok/mm_dok/resource/apache-tomcat-9.0.14/webapps/utanlogin/WEB-INF/lib/core-3.0.0.jar
10-Oct-2019 19:37:00.513 INFO [main] org.apache.webbeans.corespi.scanner.AbstractMetaDataDiscovery.addWebBeansXmlLocation added beans archive URL: file:/C:/sw/workspace/masoud/mm_dok/mm_dok/resource/apache-tomcat-9.0.14/webapps/utanlogin/WEB-INF/lib/xmlbeans-2.6.0.jar
10-Oct-2019 19:37:00.514 INFO [main] org.apache.webbeans.corespi.scanner.AbstractMetaDataDiscovery.addWebBeansXmlLocation added beans archive URL: file:/C:/sw/workspace/masoud/mm_dok/mm_dok/resource/apache-tomcat-9.0.14/webapps/utanlogin/WEB-INF/lib/ehcache-3.6.1.jar
10-Oct-2019 19:37:00.515 INFO [main] org.apache.webbeans.corespi.scanner.AbstractMetaDataDiscovery.addWebBeansXmlLocation added beans archive URL: file:/C:/sw/workspace/masoud/mm_dok/mm_dok/resource/apache-tomcat-9.0.14/webapps/utanlogin/WEB-INF/lib/twitter4j-core-3.0.5.jar
10-Oct-2019 19:37:00.520 INFO [main] org.apache.webbeans.corespi.scanner.AbstractMetaDataDiscovery.addWebBeansXmlLocation added beans archive URL: file:/C:/sw/workspace/masoud/mm_dok/mm_dok/resource/apache-tomcat-9.0.14/lib/taglibs-standard-jstlel-1.2.5.jar
10-Oct-2019 19:37:00.520 INFO [main] org.apache.webbeans.corespi.scanner.AbstractMetaDataDiscovery.addWebBeansXmlLocation added beans archive URL: file:/C:/sw/workspace/masoud/mm_dok/mm_dok/resource/apache-tomcat-9.0.14/webapps/utanlogin/WEB-INF/lib/hibernate-validator-5.0.1.Final.jar
10-Oct-2019 19:37:00.521 INFO [main] org.apache.webbeans.corespi.scanner.AbstractMetaDataDiscovery.addWebBeansXmlLocation added beans archive URL: file:/C:/sw/workspace/masoud/mm_dok/mm_dok/resource/apache-tomcat-9.0.14/lib/ecj-4.9.jar
10-Oct-2019 19:37:00.522 INFO [main] org.apache.webbeans.corespi.scanner.AbstractMetaDataDiscovery.addWebBeansXmlLocation added beans archive URL: file:/C:/sw/workspace/masoud/mm_dok/mm_dok/resource/apache-tomcat-9.0.14/lib/websocket-api.jar
10-Oct-2019 19:37:00.522 INFO [main] org.apache.webbeans.corespi.scanner.AbstractMetaDataDiscovery.addWebBeansXmlLocation added beans archive URL: file:/C:/sw/workspace/masoud/mm_dok/mm_dok/resource/apache-tomcat-9.0.14/webapps/utanlogin/WEB-INF/lib/classmate-0.8.0.jar
10-Oct-2019 19:37:00.523 INFO [main] org.apache.webbeans.corespi.scanner.AbstractMetaDataDiscovery.addWebBeansXmlLocation added beans archive URL: file:/C:/sw/workspace/masoud/mm_dok/mm_dok/resource/apache-tomcat-9.0.14/webapps/utanlogin/WEB-INF/lib/curvesapi-1.04.jar
10-Oct-2019 19:37:00.523 INFO [main] org.apache.webbeans.corespi.scanner.AbstractMetaDataDiscovery.addWebBeansXmlLocation added beans archive URL: file:/C:/sw/workspace/masoud/mm_dok/mm_dok/resource/apache-tomcat-9.0.14/webapps/utanlogin/WEB-INF/lib/primefaces-7.0.jar
10-Oct-2019 19:37:00.524 INFO [main] org.apache.webbeans.corespi.scanner.AbstractMetaDataDiscovery.addWebBeansXmlLocation added beans archive URL: file:/C:/sw/workspace/masoud/mm_dok/mm_dok/resource/apache-tomcat-9.0.14/webapps/utanlogin/WEB-INF/lib/rome-utils-1.7.3.jar
10-Oct-2019 19:37:00.524 INFO [main] org.apache.webbeans.corespi.scanner.AbstractMetaDataDiscovery.addWebBeansXmlLocation added beans archive URL: file:/C:/sw/workspace/masoud/mm_dok/mm_dok/resource/apache-tomcat-9.0.14/webapps/utanlogin/WEB-INF/lib/jcommon-1.0.0.jar
10-Oct-2019 19:37:00.525 INFO [main] org.apache.webbeans.corespi.scanner.AbstractMetaDataDiscovery.addWebBeansXmlLocation added beans archive URL: file:/C:/sw/workspace/masoud/mm_dok/mm_dok/resource/apache-tomcat-9.0.14/webapps/utanlogin/WEB-INF/lib/javase-3.0.0.jar
10-Oct-2019 19:37:00.525 INFO [main] org.apache.webbeans.corespi.scanner.AbstractMetaDataDiscovery.addWebBeansXmlLocation added beans archive URL: file:/C:/sw/workspace/masoud/mm_dok/mm_dok/resource/apache-tomcat-9.0.14/lib/annotations-api.jar
10-Oct-2019 19:37:00.526 INFO [main] org.apache.webbeans.corespi.scanner.AbstractMetaDataDiscovery.addWebBeansXmlLocation added beans archive URL: file:/C:/sw/workspace/masoud/mm_dok/mm_dok/resource/apache-tomcat-9.0.14/lib/jaspic-api.jar
10-Oct-2019 19:37:00.526 INFO [main] org.apache.webbeans.corespi.scanner.AbstractMetaDataDiscovery.addWebBeansXmlLocation added beans archive URL: file:/C:/sw/workspace/masoud/mm_dok/mm_dok/resource/apache-tomcat-9.0.14/lib/taglibs-standard-compat-1.2.5.jar
10-Oct-2019 19:37:00.532 INFO [main] org.apache.webbeans.corespi.scanner.AbstractMetaDataDiscovery.addWebBeansXmlLocation added beans archive URL: file:/C:/sw/workspace/masoud/mm_dok/mm_dok/resource/apache-tomcat-9.0.14/webapps/utanlogin/WEB-INF/lib/validation-api-1.1.0.Final.jar
10-Oct-2019 19:37:00.532 INFO [main] org.apache.webbeans.corespi.scanner.AbstractMetaDataDiscovery.addWebBeansXmlLocation added beans archive URL: file:/C:/sw/workspace/masoud/mm_dok/mm_dok/resource/apache-tomcat-9.0.14/webapps/utanlogin/WEB-INF/lib/rome-1.7.3.jar
10-Oct-2019 19:37:00.534 INFO [main] org.apache.webbeans.corespi.scanner.AbstractMetaDataDiscovery.addWebBeansXmlLocation added beans archive URL: file:/C:/sw/workspace/masoud/mm_dok/mm_dok/resource/apache-tomcat-9.0.14/lib/dbutil-1%20-%20kopia.jar
10-Oct-2019 19:37:00.535 INFO [main] org.apache.webbeans.corespi.scanner.AbstractMetaDataDiscovery.addWebBeansXmlLocation added beans archive URL: file:/C:/sw/workspace/masoud/mm_dok/mm_dok/resource/apache-tomcat-9.0.14/lib/taglibs-standard-spec-1.2.5.jar
10-Oct-2019 19:37:00.535 INFO [main] org.apache.webbeans.corespi.scanner.AbstractMetaDataDiscovery.addWebBeansXmlLocation added beans archive URL: file:/C:/sw/workspace/masoud/mm_dok/mm_dok/resource/apache-tomcat-9.0.14/lib/
10-Oct-2019 19:37:00.536 INFO [main] org.apache.webbeans.corespi.scanner.AbstractMetaDataDiscovery.addWebBeansXmlLocation added beans archive URL: file:/C:/sw/workspace/masoud/mm_dok/mm_dok/resource/apache-tomcat-9.0.14/webapps/utanlogin/WEB-INF/lib/qrgen-1.4.jar
10-Oct-2019 19:37:00.537 INFO [main] org.apache.webbeans.corespi.scanner.AbstractMetaDataDiscovery.addWebBeansXmlLocation added beans archive URL: file:/C:/sw/workspace/masoud/mm_dok/mm_dok/resource/apache-tomcat-9.0.14/webapps/utanlogin/WEB-INF/lib/barbecue-1.5-beta1.jar
10-Oct-2019 19:37:00.537 INFO [main] org.apache.webbeans.corespi.scanner.AbstractMetaDataDiscovery.addWebBeansXmlLocation added beans archive URL: file:/C:/sw/workspace/masoud/mm_dok/mm_dok/resource/apache-tomcat-9.0.14/lib/taglibs-standard-impl-1.2.5.jar
10-Oct-2019 19:37:00.538 INFO [main] org.apache.webbeans.corespi.scanner.AbstractMetaDataDiscovery.addWebBeansXmlLocation added beans archive URL: file:/C:/sw/workspace/masoud/mm_dok/mm_dok/resource/apache-tomcat-9.0.14/webapps/utanlogin/WEB-INF/lib/all-themes-1.0.10.jar
10-Oct-2019 19:37:00.538 INFO [main] org.apache.webbeans.corespi.scanner.AbstractMetaDataDiscovery.addWebBeansXmlLocation added beans archive URL: file:/C:/sw/workspace/masoud/mm_dok/mm_dok/resource/apache-tomcat-9.0.14/webapps/utanlogin/WEB-INF/classes/
10-Oct-2019 19:37:02.473 INFO [main] org.apache.webbeans.config.BeansDeployer.validateInjectionPoints All injection points were validated successfully.
10-Oct-2019 19:37:02.499 INFO [main] org.apache.webbeans.lifecycle.AbstractLifeCycle.bootstrapApplication OpenWebBeans Container has started, it took [2040] ms.
10-Oct-2019 19:37:02.584 INFO [main] com.sun.faces.config.ConfigureListener.contextInitialized Initializing Mojarra 2.3.2 ( 20170627-2139 e63598abf2ed2bb1a24674f308a734e0dce18a72) for context '/utanlogin'
10-Oct-2019 19:37:02.967 INFO [main] com.sun.faces.spi.InjectionProviderFactory.createInstance JSF1048: PostConstruct/PreDestroy annotations present.  ManagedBeans methods marked with these annotations will have said annotations processed.
10-Oct-2019 19:37:03.750 INFO [main] org.hibernate.validator.internal.util.Version.<clinit> HV000001: Hibernate Validator 5.0.1.Final
10-Oct-2019 19:37:05.090 INFO [main] org.primefaces.webapp.PostConstructApplicationEventListener.processEvent Running on PrimeFaces 7.0
10-Oct-2019 19:37:05.096 INFO [main] com.sun.faces.config.ConfigureListener.contextInitialized Initializing Mojarra 2.3.2 ( 20170627-2139 e63598abf2ed2bb1a24674f308a734e0dce18a72) for context '/utanlogin'
10-Oct-2019 19:37:05.264 INFO [main] com.sun.faces.spi.InjectionProviderFactory.createInstance JSF1048: PostConstruct/PreDestroy annotations present.  ManagedBeans methods marked with these annotations will have said annotations processed.
10-Oct-2019 19:37:05.485 INFO [main] org.primefaces.webapp.PostConstructApplicationEventListener.processEvent Running on PrimeFaces 7.0
10-Oct-2019 19:37:05.485 INFO [main] org.primefaces.webapp.PostConstructApplicationEventListener.processEvent Running on PrimeFaces 7.0
10-Oct-2019 19:37:05.494 INFO [main] org.apache.catalina.startup.HostConfig.deployWAR Deployment of web application archive [C:\sw\workspace\masoud\mm_dok\mm_dok\resource\apache-tomcat-9.0.14\webapps\utanlogin.war] has finished in [27,686] ms
10-Oct-2019 19:37:05.495 INFO [main] org.apache.catalina.startup.HostConfig.deployDirectory Deploying web application directory [C:\sw\workspace\masoud\mm_dok\mm_dok\resource\apache-tomcat-9.0.14\webapps\docs]
10-Oct-2019 19:37:05.844 INFO [main] org.apache.jasper.servlet.TldScanner.scanJars At least one JAR was scanned for TLDs yet contained no TLDs. Enable debug logging for this logger for a complete list of JARs that were scanned but no TLDs were found in them. Skipping unneeded JARs during scanning can improve startup time and JSP compilation time.
10-Oct-2019 19:37:05.854 INFO [main] org.apache.catalina.startup.HostConfig.deployDirectory Deployment of web application directory [C:\sw\workspace\masoud\mm_dok\mm_dok\resource\apache-tomcat-9.0.14\webapps\docs] has finished in [359] ms
10-Oct-2019 19:37:05.856 INFO [main] org.apache.catalina.startup.HostConfig.deployDirectory Deploying web application directory [C:\sw\workspace\masoud\mm_dok\mm_dok\resource\apache-tomcat-9.0.14\webapps\examples]
10-Oct-2019 19:37:08.296 INFO [main] org.apache.jasper.servlet.TldScanner.scanJars At least one JAR was scanned for TLDs yet contained no TLDs. Enable debug logging for this logger for a complete list of JARs that were scanned but no TLDs were found in them. Skipping unneeded JARs during scanning can improve startup time and JSP compilation time.
10-Oct-2019 19:37:08.355 INFO [main] org.apache.catalina.startup.HostConfig.deployDirectory Deployment of web application directory [C:\sw\workspace\masoud\mm_dok\mm_dok\resource\apache-tomcat-9.0.14\webapps\examples] has finished in [2,499] ms
10-Oct-2019 19:37:08.356 INFO [main] org.apache.catalina.startup.HostConfig.deployDirectory Deploying web application directory [C:\sw\workspace\masoud\mm_dok\mm_dok\resource\apache-tomcat-9.0.14\webapps\files]
10-Oct-2019 19:37:08.663 INFO [main] org.apache.jasper.servlet.TldScanner.scanJars At least one JAR was scanned for TLDs yet contained no TLDs. Enable debug logging for this logger for a complete list of JARs that were scanned but no TLDs were found in them. Skipping unneeded JARs during scanning can improve startup time and JSP compilation time.
10-Oct-2019 19:37:08.670 INFO [main] org.apache.catalina.startup.HostConfig.deployDirectory Deployment of web application directory [C:\sw\workspace\masoud\mm_dok\mm_dok\resource\apache-tomcat-9.0.14\webapps\files] has finished in [314] ms
10-Oct-2019 19:37:08.670 INFO [main] org.apache.catalina.startup.HostConfig.deployDirectory Deploying web application directory [C:\sw\workspace\masoud\mm_dok\mm_dok\resource\apache-tomcat-9.0.14\webapps\host-manager]
10-Oct-2019 19:37:09.009 INFO [main] org.apache.jasper.servlet.TldScanner.scanJars At least one JAR was scanned for TLDs yet contained no TLDs. Enable debug logging for this logger for a complete list of JARs that were scanned but no TLDs were found in them. Skipping unneeded JARs during scanning can improve startup time and JSP compilation time.
10-Oct-2019 19:37:09.028 INFO [main] org.apache.catalina.startup.HostConfig.deployDirectory Deployment of web application directory [C:\sw\workspace\masoud\mm_dok\mm_dok\resource\apache-tomcat-9.0.14\webapps\host-manager] has finished in [358] ms
10-Oct-2019 19:37:09.030 INFO [main] org.apache.catalina.startup.HostConfig.deployDirectory Deploying web application directory [C:\sw\workspace\masoud\mm_dok\mm_dok\resource\apache-tomcat-9.0.14\webapps\manager]
10-Oct-2019 19:37:09.406 INFO [main] org.apache.jasper.servlet.TldScanner.scanJars At least one JAR was scanned for TLDs yet contained no TLDs. Enable debug logging for this logger for a complete list of JARs that were scanned but no TLDs were found in them. Skipping unneeded JARs during scanning can improve startup time and JSP compilation time.
10-Oct-2019 19:37:09.417 INFO [main] org.apache.catalina.startup.HostConfig.deployDirectory Deployment of web application directory [C:\sw\workspace\masoud\mm_dok\mm_dok\resource\apache-tomcat-9.0.14\webapps\manager] has finished in [388] ms
10-Oct-2019 19:37:09.420 INFO [main] org.apache.catalina.startup.HostConfig.deployDirectory Deploying web application directory [C:\sw\workspace\masoud\mm_dok\mm_dok\resource\apache-tomcat-9.0.14\webapps\ROOT]
10-Oct-2019 19:37:09.738 INFO [main] org.apache.jasper.servlet.TldScanner.scanJars At least one JAR was scanned for TLDs yet contained no TLDs. Enable debug logging for this logger for a complete list of JARs that were scanned but no TLDs were found in them. Skipping unneeded JARs during scanning can improve startup time and JSP compilation time.
10-Oct-2019 19:37:09.744 INFO [main] org.apache.catalina.startup.HostConfig.deployDirectory Deployment of web application directory [C:\sw\workspace\masoud\mm_dok\mm_dok\resource\apache-tomcat-9.0.14\webapps\ROOT] has finished in [324] ms
10-Oct-2019 19:37:09.745 INFO [main] org.apache.catalina.startup.HostConfig.deployDirectory Deploying web application directory [C:\sw\workspace\masoud\mm_dok\mm_dok\resource\apache-tomcat-9.0.14\webapps\ViewerJS]
10-Oct-2019 19:37:10.027 INFO [main] org.apache.jasper.servlet.TldScanner.scanJars At least one JAR was scanned for TLDs yet contained no TLDs. Enable debug logging for this logger for a complete list of JARs that were scanned but no TLDs were found in them. Skipping unneeded JARs during scanning can improve startup time and JSP compilation time.
10-Oct-2019 19:37:10.033 INFO [main] org.apache.catalina.startup.HostConfig.deployDirectory Deployment of web application directory [C:\sw\workspace\masoud\mm_dok\mm_dok\resource\apache-tomcat-9.0.14\webapps\ViewerJS] has finished in [288] ms
10-Oct-2019 19:37:10.040 INFO [main] org.apache.coyote.AbstractProtocol.start Starting ProtocolHandler ["http-nio-80"]
10-Oct-2019 19:37:10.054 INFO [main] org.apache.coyote.AbstractProtocol.start Starting ProtocolHandler ["ajp-nio-12009"]
10-Oct-2019 19:37:10.060 INFO [main] org.apache.catalina.startup.Catalina.start Server startup in [66,049] milliseconds
